[19:16:31] [main/INFO]: Environment: authHost='https://authserver.mojang.com', accountsHost='https://api.mojang.com', sessionHost='https://sessionserver.mojang.com', servicesHost='https://api.minecraftservices.com', name='PROD'
[19:16:32] [main/INFO]: Reloading ResourceManager: Default, bukkit
[19:16:32] [Worker-Main-12/INFO]: Loaded 7 recipes
[19:16:33] [Server thread/INFO]: Starting minecraft server version 1.17.1
[19:16:33] [Server thread/INFO]: Loading properties
[19:16:33] [Server thread/INFO]: This server is running CraftBukkit version 3284a-Spigot-3892929-0ab8487 (MC: 1.17.1) (Implementing API version 1.17.1-R0.1-SNAPSHOT)
[19:16:33] [Server thread/INFO]: Debug logging is disabled
[19:16:33] [Server thread/INFO]: Server Ping Player Sample Count: 12
[19:16:33] [Server thread/INFO]: Using 4 threads for Netty based IO
[19:16:33] [Server thread/INFO]: Default game type: SURVIVAL
[19:16:33] [Server thread/INFO]: Generating keypair
[19:16:34] [Server thread/INFO]: Starting Minecraft server on 127.0.0.1:25565
[19:16:34] [Server thread/INFO]: Using epoll channel type
[19:16:34] [Server thread/INFO]: [ProjectKorra] Loading ProjectKorra v1.9.3
[19:16:34] [Server thread/WARN]: **** SERVER IS RUNNING IN OFFLINE/INSECURE MODE!
[19:16:34] [Server thread/WARN]: The server will make no attempt to authenticate usernames. Beware.
[19:16:34] [Server thread/WARN]: While this makes the game possible to play without internet access, it also opens up the ability for hackers to connect with any username they choose.
[19:16:34] [Server thread/WARN]: To change this, set "online-mode" to "true" in the server.properties file.
[19:16:34] [Server thread/INFO]: Preparing level "Avatar"
[19:16:34] [Server thread/INFO]: -------- World Settings For [Avatar] --------
[19:16:34] [Server thread/INFO]: Cactus Growth Modifier: 100%
[19:16:34] [Server thread/INFO]: Cane Growth Modifier: 100%
[19:16:34] [Server thread/INFO]: Melon Growth Modifier: 100%
[19:16:34] [Server thread/INFO]: Mushroom Growth Modifier: 100%
[19:16:34] [Server thread/INFO]: Pumpkin Growth Modifier: 100%
[19:16:34] [Server thread/INFO]: Sapling Growth Modifier: 100%
[19:16:34] [Server thread/INFO]: Beetroot Growth Modifier: 100%
[19:16:34] [Server thread/INFO]: Carrot Growth Modifier: 100%
[19:16:34] [Server thread/INFO]: Potato Growth Modifier: 100%
[19:16:34] [Server thread/INFO]: Wheat Growth Modifier: 100%
[19:16:34] [Server thread/INFO]: NetherWart Growth Modifier: 100%
[19:16:34] [Server thread/INFO]: Vine Growth Modifier: 100%
[19:16:34] [Server thread/INFO]: Cocoa Growth Modifier: 100%
[19:16:34] [Server thread/INFO]: Bamboo Growth Modifier: 100%
[19:16:34] [Server thread/INFO]: SweetBerry Growth Modifier: 100%
[19:16:34] [Server thread/INFO]: Kelp Growth Modifier: 100%
[19:16:34] [Server thread/INFO]: Entity Activation Range: An 32 / Mo 32 / Ra 48 / Mi 16 / Tiv true
[19:16:34] [Server thread/INFO]: Mob Spawn Range: 6
[19:16:34] [Server thread/INFO]: Hopper Transfer: 8 Hopper Check: 1 Hopper Amount: 1
[19:16:34] [Server thread/INFO]: Custom Map Seeds:  Village: 10387312 Desert: 14357617 Igloo: 14357618 Jungle: 14357619 Swamp: 14357620 Monument: 10387313 Ocean: 14357621 Shipwreck: 165745295 End City: 10387313 Slime: 987234911 Bastion: 30084232 Fortress: 30084232 Mansion: 10387319 Fossil: 14357921 Portal: 34222645
[19:16:34] [Server thread/INFO]: Max TNT Explosions: 100
[19:16:34] [Server thread/INFO]: Experience Merge Radius: 3.0
[19:16:34] [Server thread/INFO]: Tile Max Tick Time: 50ms Entity max Tick Time: 50ms
[19:16:34] [Server thread/INFO]: Entity Tracking Range: Pl 48 / An 48 / Mo 48 / Mi 32 / Other 64
[19:16:34] [Server thread/INFO]: Allow Zombie Pigmen to spawn from portal blocks: true
[19:16:34] [Server thread/INFO]: Item Despawn Rate: 6000
[19:16:34] [Server thread/INFO]: Item Merge Radius: 2.5
[19:16:34] [Server thread/INFO]: View Distance: 10
[19:16:34] [Server thread/INFO]: Arrow Despawn Rate: 1200 Trident Respawn Rate:1200
[19:16:34] [Server thread/INFO]: Zombie Aggressive Towards Villager: true
[19:16:34] [Server thread/INFO]: Nerfing mobs spawned from spawners: false
[19:16:34] [Server thread/INFO]: -------- World Settings For [Avatar_nether] --------
[19:16:34] [Server thread/INFO]: Cactus Growth Modifier: 100%
[19:16:34] [Server thread/INFO]: Cane Growth Modifier: 100%
[19:16:34] [Server thread/INFO]: Melon Growth Modifier: 100%
[19:16:34] [Server thread/INFO]: Mushroom Growth Modifier: 100%
[19:16:34] [Server thread/INFO]: Pumpkin Growth Modifier: 100%
[19:16:34] [Server thread/INFO]: Sapling Growth Modifier: 100%
[19:16:34] [Server thread/INFO]: Beetroot Growth Modifier: 100%
[19:16:34] [Server thread/INFO]: Carrot Growth Modifier: 100%
[19:16:34] [Server thread/INFO]: Potato Growth Modifier: 100%
[19:16:34] [Server thread/INFO]: Wheat Growth Modifier: 100%
[19:16:34] [Server thread/INFO]: NetherWart Growth Modifier: 100%
[19:16:34] [Server thread/INFO]: Vine Growth Modifier: 100%
[19:16:34] [Server thread/INFO]: Cocoa Growth Modifier: 100%
[19:16:34] [Server thread/INFO]: Bamboo Growth Modifier: 100%
[19:16:34] [Server thread/INFO]: SweetBerry Growth Modifier: 100%
[19:16:34] [Server thread/INFO]: Kelp Growth Modifier: 100%
[19:16:34] [Server thread/INFO]: Entity Activation Range: An 32 / Mo 32 / Ra 48 / Mi 16 / Tiv true
[19:16:34] [Server thread/INFO]: Mob Spawn Range: 6
[19:16:34] [Server thread/INFO]: Hopper Transfer: 8 Hopper Check: 1 Hopper Amount: 1
[19:16:34] [Server thread/INFO]: Custom Map Seeds:  Village: 10387312 Desert: 14357617 Igloo: 14357618 Jungle: 14357619 Swamp: 14357620 Monument: 10387313 Ocean: 14357621 Shipwreck: 165745295 End City: 10387313 Slime: 987234911 Bastion: 30084232 Fortress: 30084232 Mansion: 10387319 Fossil: 14357921 Portal: 34222645
[19:16:34] [Server thread/INFO]: Max TNT Explosions: 100
[19:16:34] [Server thread/INFO]: Experience Merge Radius: 3.0
[19:16:34] [Server thread/INFO]: Tile Max Tick Time: 50ms Entity max Tick Time: 50ms
[19:16:34] [Server thread/INFO]: Entity Tracking Range: Pl 48 / An 48 / Mo 48 / Mi 32 / Other 64
[19:16:34] [Server thread/INFO]: Allow Zombie Pigmen to spawn from portal blocks: true
[19:16:34] [Server thread/INFO]: Item Despawn Rate: 6000
[19:16:34] [Server thread/INFO]: Item Merge Radius: 2.5
[19:16:34] [Server thread/INFO]: View Distance: 10
[19:16:34] [Server thread/INFO]: Arrow Despawn Rate: 1200 Trident Respawn Rate:1200
[19:16:34] [Server thread/INFO]: Zombie Aggressive Towards Villager: true
[19:16:34] [Server thread/INFO]: Nerfing mobs spawned from spawners: false
[19:16:35] [Server thread/INFO]: -------- World Settings For [Avatar_the_end] --------
[19:16:35] [Server thread/INFO]: Cactus Growth Modifier: 100%
[19:16:35] [Server thread/INFO]: Cane Growth Modifier: 100%
[19:16:35] [Server thread/INFO]: Melon Growth Modifier: 100%
[19:16:35] [Server thread/INFO]: Mushroom Growth Modifier: 100%
[19:16:35] [Server thread/INFO]: Pumpkin Growth Modifier: 100%
[19:16:35] [Server thread/INFO]: Sapling Growth Modifier: 100%
[19:16:35] [Server thread/INFO]: Beetroot Growth Modifier: 100%
[19:16:35] [Server thread/INFO]: Carrot Growth Modifier: 100%
[19:16:35] [Server thread/INFO]: Potato Growth Modifier: 100%
[19:16:35] [Server thread/INFO]: Wheat Growth Modifier: 100%
[19:16:35] [Server thread/INFO]: NetherWart Growth Modifier: 100%
[19:16:35] [Server thread/INFO]: Vine Growth Modifier: 100%
[19:16:35] [Server thread/INFO]: Cocoa Growth Modifier: 100%
[19:16:35] [Server thread/INFO]: Bamboo Growth Modifier: 100%
[19:16:35] [Server thread/INFO]: SweetBerry Growth Modifier: 100%
[19:16:35] [Server thread/INFO]: Kelp Growth Modifier: 100%
[19:16:35] [Server thread/INFO]: Entity Activation Range: An 32 / Mo 32 / Ra 48 / Mi 16 / Tiv true
[19:16:35] [Server thread/INFO]: Mob Spawn Range: 6
[19:16:35] [Server thread/INFO]: Hopper Transfer: 8 Hopper Check: 1 Hopper Amount: 1
[19:16:35] [Server thread/INFO]: Custom Map Seeds:  Village: 10387312 Desert: 14357617 Igloo: 14357618 Jungle: 14357619 Swamp: 14357620 Monument: 10387313 Ocean: 14357621 Shipwreck: 165745295 End City: 10387313 Slime: 987234911 Bastion: 30084232 Fortress: 30084232 Mansion: 10387319 Fossil: 14357921 Portal: 34222645
[19:16:35] [Server thread/INFO]: Max TNT Explosions: 100
[19:16:35] [Server thread/INFO]: Experience Merge Radius: 3.0
[19:16:35] [Server thread/INFO]: Tile Max Tick Time: 50ms Entity max Tick Time: 50ms
[19:16:35] [Server thread/INFO]: Entity Tracking Range: Pl 48 / An 48 / Mo 48 / Mi 32 / Other 64
[19:16:35] [Server thread/INFO]: Allow Zombie Pigmen to spawn from portal blocks: true
[19:16:35] [Server thread/INFO]: Item Despawn Rate: 6000
[19:16:35] [Server thread/INFO]: Item Merge Radius: 2.5
[19:16:35] [Server thread/INFO]: View Distance: 10
[19:16:35] [Server thread/INFO]: Arrow Despawn Rate: 1200 Trident Respawn Rate:1200
[19:16:35] [Server thread/INFO]: Zombie Aggressive Towards Villager: true
[19:16:35] [Server thread/INFO]: Nerfing mobs spawned from spawners: false
[19:16:35] [Server thread/INFO]: Preparing start region for dimension minecraft:overworld
[19:16:35] [Worker-Main-14/INFO]: Preparing spawn area: 0%
[19:16:38] [Worker-Main-14/INFO]: Preparing spawn area: 0%
[19:16:38] [Worker-Main-12/INFO]: Preparing spawn area: 0%
[19:16:38] [Worker-Main-12/INFO]: Preparing spawn area: 0%
[19:16:38] [Worker-Main-11/INFO]: Preparing spawn area: 0%
[19:16:38] [Worker-Main-14/INFO]: Preparing spawn area: 0%
[19:16:38] [Worker-Main-11/INFO]: Preparing spawn area: 0%
[19:16:38] [Worker-Main-8/INFO]: Preparing spawn area: 10%
[19:16:39] [Worker-Main-10/INFO]: Preparing spawn area: 35%
[19:16:39] [Worker-Main-8/INFO]: Preparing spawn area: 68%
[19:16:40] [Worker-Main-14/INFO]: Preparing spawn area: 71%
[19:16:40] [Worker-Main-11/INFO]: Preparing spawn area: 79%
[19:16:41] [Worker-Main-8/INFO]: Preparing spawn area: 83%
[19:16:41] [Worker-Main-13/INFO]: Preparing spawn area: 89%
[19:16:42] [Worker-Main-9/INFO]: Preparing spawn area: 94%
[19:16:42] [Server thread/INFO]: Time elapsed: 7253 ms
[19:16:42] [Server thread/INFO]: Preparing start region for dimension minecraft:the_nether
[19:16:42] [Worker-Main-12/INFO]: Preparing spawn area: 0%
[19:16:42] [Worker-Main-11/INFO]: Preparing spawn area: 0%
[19:16:43] [Worker-Main-13/INFO]: Preparing spawn area: 0%
[19:16:43] [Worker-Main-14/INFO]: Preparing spawn area: 50%
[19:16:44] [Worker-Main-9/INFO]: Preparing spawn area: 69%
[19:16:44] [Worker-Main-10/INFO]: Preparing spawn area: 75%
[19:16:45] [Worker-Main-12/INFO]: Preparing spawn area: 86%
[19:16:45] [Worker-Main-13/INFO]: Preparing spawn area: 96%
[19:16:46] [Server thread/INFO]: Time elapsed: 3718 ms
[19:16:46] [Server thread/INFO]: Preparing start region for dimension minecraft:the_end
[19:16:46] [Worker-Main-13/INFO]: Preparing spawn area: 0%
[19:16:46] [Worker-Main-9/INFO]: Preparing spawn area: 0%
[19:16:47] [Worker-Main-14/INFO]: Preparing spawn area: 44%
[19:16:47] [Worker-Main-8/INFO]: Preparing spawn area: 94%
[19:16:47] [Server thread/INFO]: Time elapsed: 1595 ms
[19:16:47] [Server thread/INFO]: [ProjectKorra] Enabling ProjectKorra v1.9.3
[19:16:48] [Server thread/INFO]: [ProjectKorra] FireManipulation is disabled
[19:16:48] [Server thread/INFO]: [ProjectKorra] Establishing SQLite Connection.[SQLite] Connection established!
[19:16:48] [Server thread/INFO]: Server permissions file permissions.yml is empty, ignoring it
[19:16:48] [Server thread/INFO]: Done (14.050s)! For help, type "help"
[19:16:48] [Craft Scheduler Thread - 0/INFO]: [ProjectKorra] Checking for updates...!
[19:16:49] [Craft Scheduler Thread - 0/INFO]: [ProjectKorra] You are running the latest version of ProjectKorra
[19:16:55] [User Authenticator #1/INFO]: UUID of player HamBurgos is 5400277a-0a9f-3a4b-a347-2c4a9f38b2e9
[19:16:56] [Server thread/INFO]: HamBurgos[/127.0.0.1:55977] logged in with entity id 208 at ([Avatar]-96.5, 65.0, 159.5)
[19:16:56] [Server thread/INFO]: [ProjectKorra] Created new BendingPlayer for HamBurgos
[19:20:22] [Server thread/INFO]: HamBurgos issued server command: /bending displat Water
[19:20:26] [Server thread/INFO]: HamBurgos issued server command: /bending display Water
[19:20:37] [Server thread/INFO]: HamBurgos issued server command: /bending help Torrent
[19:20:55] [Server thread/INFO]: HamBurgos lost connection: Disconnected
[19:20:55] [Server thread/INFO]: HamBurgos left the game
[19:20:59] [Thread-2/INFO]: Stopping server
